<?xml version="1.0" encoding="UTF-8"?>
<!-- Generated by org.testng.reporters.JUnitXMLReporter -->
<testsuite ignored="2" hostname="Viveks-MBP.attlocal.net" failures="0" tests="1" name="Default test" time="7.413" errors="0" timestamp="2022-08-03T17:45:13 EDT">
  <testcase classname="com.qa.testcases.LoginPageTest" name="logintohomepage" time="3.032"/>
  <testcase classname="com.qa.testcases.LoginPageTest" name="loginpagelogoverify" time="0.0">
    <ignored/>
  </testcase> <!-- loginpagelogoverify -->
  <testcase classname="com.qa.testcases.LoginPageTest" name="loginPagetitleverify" time="0.0">
    <ignored/>
  </testcase> <!-- loginPagetitleverify -->
</testsuite> <!-- Default test -->
