<?xml version="1.0" encoding="UTF-8"?>
<testng-results ignored="2" total="3" passed="1" failed="0" skipped="0">
  <reporter-output>
  </reporter-output>
  <suite started-at="2022-08-03T17:45:05 EDT" name="Default suite" finished-at="2022-08-03T17:45:13 EDT" duration-ms="7413">
    <groups>
    </groups>
    <test started-at="2022-08-03T17:45:05 EDT" name="Default test" finished-at="2022-08-03T17:45:13 EDT" duration-ms="7413">
      <class name="com.qa.testcases.LoginPageTest">
        <test-method is-config="true" signature="Initializebrowser()[pri:0, instance:com.qa.testcases.LoginPageTest@56de5251]" started-at="2022-08-03T17:45:05 EDT" name="Initializebrowser" finished-at="2022-08-03T17:45:10 EDT" duration-ms="4353" status="PASS">
          <reporter-output>
          </reporter-output>
        </test-method> <!-- Initializebrowser -->
        <test-method signature="logintohomepage()[pri:3, instance:com.qa.testcases.LoginPageTest@56de5251]" started-at="2022-08-03T17:45:10 EDT" name="logintohomepage" finished-at="2022-08-03T17:45:13 EDT" duration-ms="3032" status="PASS">
          <reporter-output>
          </reporter-output>
        </test-method> <!-- logintohomepage -->
        <test-method is-config="true" signature="teardown()[pri:0, instance:com.qa.testcases.LoginPageTest@56de5251]" started-at="2022-08-03T17:45:13 EDT" name="teardown" finished-at="2022-08-03T17:45:13 EDT" duration-ms="1" status="PASS">
          <reporter-output>
          </reporter-output>
        </test-method> <!-- teardown -->
      </class> <!-- com.qa.testcases.LoginPageTest -->
    </test> <!-- Default test -->
  </suite> <!-- Default suite -->
</testng-results>
